c:\users\kyle w\desktop\snhu\semester 10\cs-330\module 6\6-5 milestone\x64\release\vc143.pdb
c:\users\kyle w\desktop\snhu\semester 10\cs-330\module 6\6-5 milestone\x64\release\stb.obj
c:\users\kyle w\desktop\snhu\semester 10\cs-330\module 6\6-5 milestone\x64\release\main.obj
c:\users\kyle w\desktop\snhu\semester 10\cs-330\module 6\6-5 milestone\x64\release\glad.obj
c:\users\kyle w\desktop\snhu\semester 10\cs-330\module 7\project 1\x64\release\vc143.pdb
c:\users\kyle w\desktop\snhu\semester 10\cs-330\module 7\project 1\x64\release\stb.obj
c:\users\kyle w\desktop\snhu\semester 10\cs-330\module 7\project 1\x64\release\main.obj
c:\users\kyle w\desktop\snhu\semester 10\cs-330\module 7\project 1\x64\release\glad.obj
c:\users\kyle w\desktop\snhu\semester 10\cs-330\module 6\6-5 milestone\x64\release\textured plane and toaster.exe
c:\users\kyle w\desktop\snhu\semester 10\cs-330\module 6\6-5 milestone\x64\release\textured plane and toaster.pdb
c:\users\kyle w\desktop\snhu\semester 10\cs-330\module 6\6-5 milestone\x64\release\textured plane and toaster.ipdb
c:\users\kyle w\desktop\snhu\semester 10\cs-330\module 6\6-5 milestone\x64\release\textured plane and toaster.iobj
c:\users\kyle w\desktop\snhu\semester 10\cs-330\module 7\project 1\x64\release\textured plane and toaster.ipdb
c:\users\kyle w\desktop\snhu\semester 10\cs-330\module 7\project 1\x64\release\textured plane and toaster.iobj
c:\users\kyle w\desktop\snhu\semester 10\cs-330\module 7\project 1\x64\release\textured plane and toaster.exe
c:\users\kyle w\desktop\snhu\semester 10\cs-330\module 7\project 1\x64\release\textured plane and toaster.pdb
c:\users\kyle w\desktop\snhu\semester 10\cs-330\module 7\project 1\x64\release\textured.3a1b4066.tlog\cl.command.1.tlog
c:\users\kyle w\desktop\snhu\semester 10\cs-330\module 7\project 1\x64\release\textured.3a1b4066.tlog\cl.read.1.tlog
c:\users\kyle w\desktop\snhu\semester 10\cs-330\module 7\project 1\x64\release\textured.3a1b4066.tlog\cl.write.1.tlog
c:\users\kyle w\desktop\snhu\semester 10\cs-330\module 7\project 1\x64\release\textured.3a1b4066.tlog\link.command.1.tlog
c:\users\kyle w\desktop\snhu\semester 10\cs-330\module 7\project 1\x64\release\textured.3a1b4066.tlog\link.read.1.tlog
c:\users\kyle w\desktop\snhu\semester 10\cs-330\module 7\project 1\x64\release\textured.3a1b4066.tlog\link.write.1.tlog
c:\users\kyle w\desktop\snhu\semester 10\cs-330\module 7\project 1\x64\release\textured.3a1b4066.tlog\link.write.2u.tlog
