c:\users\kyle w\desktop\snhu\semester 10\cs-330\module 5\5-5 milestone\x64\debug\vc143.pdb
c:\users\kyle w\desktop\snhu\semester 10\cs-330\module 5\5-5 milestone\x64\debug\vc143.idb
c:\users\kyle w\desktop\snhu\semester 10\cs-330\module 5\5-5 milestone\x64\debug\stb.obj
c:\users\kyle w\desktop\snhu\semester 10\cs-330\module 5\5-5 milestone\x64\debug\main.obj
c:\users\kyle w\desktop\snhu\semester 10\cs-330\module 5\5-5 milestone\x64\debug\glad.obj
c:\users\kyle w\desktop\snhu\semester 10\cs-330\module 7\project 1\x64\debug\vc143.pdb
c:\users\kyle w\desktop\snhu\semester 10\cs-330\module 7\project 1\x64\debug\vc143.idb
c:\users\kyle w\desktop\snhu\semester 10\cs-330\module 7\project 1\x64\debug\stb.obj
c:\users\kyle w\desktop\snhu\semester 10\cs-330\module 7\project 1\x64\debug\main.obj
c:\users\kyle w\desktop\snhu\semester 10\cs-330\module 7\project 1\x64\debug\glad.obj
c:\users\kyle w\desktop\snhu\semester 10\cs-330\module 5\5-5 milestone\x64\debug\textured plane and toaster.ilk
c:\users\kyle w\desktop\snhu\semester 10\cs-330\module 5\5-5 milestone\x64\debug\textured plane and toaster.exe
c:\users\kyle w\desktop\snhu\semester 10\cs-330\module 5\5-5 milestone\x64\debug\textured plane and toaster.pdb
c:\users\kyle w\desktop\snhu\semester 10\cs-330\module 7\project 1\x64\debug\textured plane and toaster.exe
c:\users\kyle w\desktop\snhu\semester 10\cs-330\module 7\project 1\x64\debug\textured plane and toaster.ilk
c:\users\kyle w\desktop\snhu\semester 10\cs-330\module 7\project 1\x64\debug\textured plane and toaster.pdb
c:\users\kyle w\desktop\snhu\semester 10\cs-330\module 7\project 1\x64\debug\textured.3a1b4066.tlog\cl.command.1.tlog
c:\users\kyle w\desktop\snhu\semester 10\cs-330\module 7\project 1\x64\debug\textured.3a1b4066.tlog\cl.read.1.tlog
c:\users\kyle w\desktop\snhu\semester 10\cs-330\module 7\project 1\x64\debug\textured.3a1b4066.tlog\cl.write.1.tlog
c:\users\kyle w\desktop\snhu\semester 10\cs-330\module 7\project 1\x64\debug\textured.3a1b4066.tlog\link.command.1.tlog
c:\users\kyle w\desktop\snhu\semester 10\cs-330\module 7\project 1\x64\debug\textured.3a1b4066.tlog\link.read.1.tlog
c:\users\kyle w\desktop\snhu\semester 10\cs-330\module 7\project 1\x64\debug\textured.3a1b4066.tlog\link.write.1.tlog
